********************************************************************************
DUPLICATOR-LITE PACKAGE-LOG: 14 February 2020 00 h 51
NOTICE: Do NOT post to public sites or forums 
********************************************************************************
VERSION:	1.3.24
WORDPRESS:	5.3.2
PHP INFO:	7.3.8 | SAPI: apache2handler
SERVER:		Apache/2.2.34 (Unix) mod_wsgi/3.5 Python/2.7.13 PHP/7.3.8 mod_ssl/2.2.34 OpenSSL/1.0.2o DAV/2 mod_fastcgi/mod_fastcgi-SNAP-0910052141 mod_perl/2.0.10 Perl/v5.24.0 
PHP TIME LIMIT: (0) no time limit imposed 
PHP MAX MEMORY: 4294967296 (128M default) 
MEMORY STACK: 29MB
[CTRL DUP ARCIVE] PACKAGE AS NEW ID 9 SAVED | STATUS:0
[DUP ARCHIVE] BUILDING DATABASE

********************************************************************************
DATABASE:
********************************************************************************
BUILD MODE:   PHP(query limit - 100)
MYSQLTIMEOUT: 5000
MYSQLDUMP:    Not Supported
TABLES: total:50 | filtered:0 | create:50
FILTERED: []
SQL CREATED: ape_ce7ad7c128a907981033_20200214005133_database.sql
SQL FILE SIZE: 3.31MB (3471730)
SQL FILE TIME: 2020-02-14 00:51:58
SQL RUNTIME: 1.69 sec.
[DUP ARCHIVE] VALIDATING DATABASE
[DUP ARCHIVE] DONE DATABASE

********************************************************************************
ARCHIVE Type=DUP Mode=DupArchive
********************************************************************************
ARCHIVE DIR:  /Volumes/macbook2/Sites/RPE
ARCHIVE FILE: ape_ce7ad7c128a907981033_20200214005133_archive.daf
FILTERS: *OFF*
DIRS:
	not set
FILES:
	not set
EXTS:  not set
----------------------------------------
COMPRESSING
SIZE:	170.6MB
STATS:	Dirs 1,722 | Files 10,627 | Total 12,349
[DUP ARCHIVE] DONE ARCHIVE
[DUP ARCHIVE] DONE ARCHIVE
[DUP ARCHIVE] DONE ARCHIVE
building installer
add_extra_files1
add_extra_files2
add_extra_files3
add_extra_files4
Doing archive file check
add_extra_files5
add_extra_files6
add_extra_files7
add_extra_files_using_da1
Adding enhanced installer files to archive using DupArchive
[DUP ARCHIVE] DONE ARCHIVE
COMPRESSED SIZE: 76.84MB
ARCHIVE RUNTIME: 47.10 sec.
MEMORY STACK: 9MB
CREATE WARNINGS: No warnings.
VALIDATION WARNINGS: No warnings.
[DUP ARCHIVE] DONE ARCHIVE
[DUP ARCHIVE] HAS COMPLETED CLOSING
[DUP ARCHIVE] DUP ARCHIVE INTEGRITY CHECK

********************************************************************************
INTEGRITY CHECKS:
********************************************************************************
SQL FILE: 3.31MB
INSTALLER FILE: 74.38KB
ARCHIVE FILE: 76.84MB 
COMPTE ATTENDU DE FICHIERS/RÉPERTOIRES : 12,530
COMPTE ACTUEL DE FICHIERS/RÉPERTOIRES : 12,530

********************************************************************************
RECORD ID:[9]
TOTAL PROCESS RUNTIME: 47.13 sec.
PEAK PHP MEMORY USED: 9.5MB
DONE PROCESSING => ape 2020-02-14 00:52:43

